<?xml version="1.0" encoding="UTF-8"?>
<!-- Generated by org.testng.reporters.JUnitXMLReporter -->
<testsuite hostname="D1ML00123M.local" ignored="0" name="Command line test" tests="7" failures="0" timestamp="16 Mar 2018 16:37:30 GMT" time="57.559" errors="0">
  <testcase name="homePageTitleTest" time="0.02" classname="com.apple.testcases.HomePageTest"/>
  <testcase name="loginPageTitleTest" time="0.013" classname="com.apple.testcases.LoginPageTest"/>
  <testcase name="clickOnBagIconTest" time="0.155" classname="com.apple.testcases.HomePageTest"/>
  <testcase name="loginTest" time="0.684" classname="com.apple.testcases.LoginPageTest"/>
  <testcase name="loginTest" time="0.485" classname="com.apple.testcases.LoginPageTest"/>
  <testcase name="loginTest" time="0.456" classname="com.apple.testcases.LoginPageTest"/>
  <testcase name="clickOnSignInLinkTest" time="2.258" classname="com.apple.testcases.HomePageTest"/>
</testsuite> <!-- Command line test -->
