<?xml version="1.0" encoding="UTF-8"?>
<!-- Generated by org.testng.reporters.JUnitXMLReporter -->
<testsuite hostname="D1ML00123M.local" ignored="0" name="Grid Chrome Test for Apple Application" tests="3" failures="2" timestamp="17 Mar 2018 10:30:40 GMT" time="12.331" errors="0">
  <testcase name="LoginTest" time="9.539" classname="com.apple.testcases.LoginTestScenario">
    <failure type="java.lang.AssertionError" message="Verification Failed expected [Apple] but found [Sign in - Apple]">
      <![CDATA[java.lang.AssertionError: Verification Failed expected [Apple] but found [Sign in - Apple]
	at com.apple.util.BaseUtil.verifyTitle(BaseUtil.java:301)
	at com.apple.testcases.LoginTestScenario.LoginTest(LoginTestScenario.java:46)
	at java.util.concurrent.FutureTask.run(FutureTask.java:266)
	at java.util.concurrent.Executors$RunnableAdapter.call(Executors.java:511)
	at java.util.concurrent.FutureTask.run(FutureTask.java:266)
	at java.util.concurrent.ThreadPoolExecutor.runWorker(ThreadPoolExecutor.java:1149)
	at java.util.concurrent.ThreadPoolExecutor$Worker.run(ThreadPoolExecutor.java:624)
	at java.lang.Thread.run(Thread.java:748)
... Removed 14 stack frames]]>
    </failure>
  </testcase> <!-- LoginTest -->
  <testcase name="LoginTest" time="9.551" classname="com.apple.testcases.LoginTestScenario">
    <failure type="java.lang.AssertionError" message="Verification Failed expected [Apple] but found [Sign in - Apple]">
      <![CDATA[java.lang.AssertionError: Verification Failed expected [Apple] but found [Sign in - Apple]
	at com.apple.util.BaseUtil.verifyTitle(BaseUtil.java:301)
	at com.apple.testcases.LoginTestScenario.LoginTest(LoginTestScenario.java:46)
	at java.util.concurrent.FutureTask.run(FutureTask.java:266)
	at java.util.concurrent.Executors$RunnableAdapter.call(Executors.java:511)
	at java.util.concurrent.FutureTask.run(FutureTask.java:266)
	at java.util.concurrent.ThreadPoolExecutor.runWorker(ThreadPoolExecutor.java:1149)
	at java.util.concurrent.ThreadPoolExecutor$Worker.run(ThreadPoolExecutor.java:624)
	at java.lang.Thread.run(Thread.java:748)
... Removed 14 stack frames]]>
    </failure>
  </testcase> <!-- LoginTest -->
  <testcase name="LoginTest" time="11.683" classname="com.apple.testcases.LoginTestScenario"/>
</testsuite> <!-- Grid Chrome Test for Apple Application -->
