<?xml version="1.0" encoding="UTF-8"?>
<testng-results skipped="0" failed="0" ignored="0" total="1" passed="1">
  <reporter-output>
  </reporter-output>
  <suite name="Default suite" duration-ms="72278" started-at="2018-03-28T18:41:42Z" finished-at="2018-03-28T18:42:54Z">
    <groups>
    </groups>
    <test name="Default test" duration-ms="72278" started-at="2018-03-28T18:41:42Z" finished-at="2018-03-28T18:42:54Z">
      <class name="com.apple.testcases.AppleStep1Flow">
        <test-method status="PASS" signature="initiallize()[pri:0, instance:com.apple.testcases.AppleStep1Flow@3abbfa04]" name="initiallize" is-config="true" duration-ms="18921" started-at="2018-03-29T00:11:42Z" finished-at="2018-03-29T00:12:01Z">
          <reporter-output>
          </reporter-output>
        </test-method> <!-- initiallize -->
        <test-method status="PASS" signature="LoginTest()[pri:0, instance:com.apple.testcases.AppleStep1Flow@3abbfa04]" name="LoginTest" duration-ms="53116" started-at="2018-03-29T00:12:01Z" finished-at="2018-03-29T00:12:54Z">
          <reporter-output>
          </reporter-output>
        </test-method> <!-- LoginTest -->
        <test-method status="PASS" signature="tearDown()[pri:0, instance:com.apple.testcases.AppleStep1Flow@3abbfa04]" name="tearDown" is-config="true" duration-ms="217" started-at="2018-03-29T00:12:54Z" finished-at="2018-03-29T00:12:54Z">
          <reporter-output>
          </reporter-output>
        </test-method> <!-- tearDown -->
      </class> <!-- com.apple.testcases.AppleStep1Flow -->
    </test> <!-- Default test -->
  </suite> <!-- Default suite -->
</testng-results>
